TN:
SF:src/index.js
FN:26,(anonymous_0)
FN:33,(anonymous_1)
FN:55,(anonymous_2)
FN:72,(anonymous_3)
FN:92,(anonymous_4)
FN:104,(anonymous_5)
FN:110,(anonymous_6)
FN:113,(anonymous_7)
FN:137,(anonymous_8)
FN:141,(anonymous_9)
FN:144,(anonymous_10)
FN:148,(anonymous_11)
FN:149,(anonymous_12)
FN:150,(anonymous_13)
FN:165,(anonymous_14)
FN:167,(anonymous_15)
FN:172,(anonymous_16)
FN:197,(anonymous_17)
FN:199,(anonymous_18)
FN:200,(anonymous_19)
FN:220,(anonymous_20)
FN:223,(anonymous_21)
FN:231,(anonymous_22)
FN:264,(anonymous_23)
FN:286,(anonymous_24)
FN:303,(anonymous_25)
FN:306,(anonymous_26)
FN:327,(anonymous_27)
FN:330,(anonymous_28)
FN:333,(anonymous_29)
FN:354,(anonymous_30)
FN:362,(anonymous_31)
FN:364,(anonymous_32)
FN:372,(anonymous_33)
FN:375,(anonymous_34)
FN:381,(anonymous_35)
FN:382,(anonymous_36)
FN:393,(anonymous_37)
FN:394,(anonymous_38)
FN:405,(anonymous_39)
FN:407,(anonymous_40)
FN:408,(anonymous_41)
FN:409,(anonymous_42)
FN:425,(anonymous_43)
FN:429,(anonymous_44)
FN:435,(anonymous_45)
FN:436,(anonymous_46)
FN:455,(anonymous_47)
FN:457,(anonymous_48)
FN:472,(anonymous_49)
FN:485,(anonymous_50)
FN:497,(anonymous_51)
FN:503,(anonymous_52)
FN:508,(anonymous_53)
FN:516,(anonymous_54)
FNF:55
FNH:46
FNDA:1,(anonymous_0)
FNDA:2,(anonymous_1)
FNDA:4,(anonymous_2)
FNDA:1,(anonymous_3)
FNDA:1,(anonymous_4)
FNDA:1,(anonymous_5)
FNDA:1,(anonymous_6)
FNDA:1,(anonymous_7)
FNDA:2,(anonymous_8)
FNDA:2,(anonymous_9)
FNDA:2,(anonymous_10)
FNDA:2,(anonymous_11)
FNDA:2,(anonymous_12)
FNDA:2,(anonymous_13)
FNDA:2,(anonymous_14)
FNDA:2,(anonymous_15)
FNDA:0,(anonymous_16)
FNDA:0,(anonymous_17)
FNDA:0,(anonymous_18)
FNDA:0,(anonymous_19)
FNDA:3,(anonymous_20)
FNDA:3,(anonymous_21)
FNDA:1,(anonymous_22)
FNDA:1,(anonymous_23)
FNDA:1,(anonymous_24)
FNDA:0,(anonymous_25)
FNDA:0,(anonymous_26)
FNDA:1,(anonymous_27)
FNDA:1,(anonymous_28)
FNDA:1,(anonymous_29)
FNDA:6,(anonymous_30)
FNDA:4,(anonymous_31)
FNDA:4,(anonymous_32)
FNDA:6,(anonymous_33)
FNDA:6,(anonymous_34)
FNDA:2,(anonymous_35)
FNDA:4,(anonymous_36)
FNDA:0,(anonymous_37)
FNDA:0,(anonymous_38)
FNDA:7,(anonymous_39)
FNDA:5,(anonymous_40)
FNDA:7,(anonymous_41)
FNDA:5,(anonymous_42)
FNDA:3,(anonymous_43)
FNDA:3,(anonymous_44)
FNDA:3,(anonymous_45)
FNDA:3,(anonymous_46)
FNDA:2,(anonymous_47)
FNDA:2,(anonymous_48)
FNDA:2,(anonymous_49)
FNDA:2,(anonymous_50)
FNDA:2,(anonymous_51)
FNDA:0,(anonymous_52)
FNDA:1,(anonymous_53)
FNDA:1,(anonymous_54)
DA:2,1
DA:3,1
DA:4,1
DA:5,1
DA:7,1
DA:8,1
DA:9,1
DA:10,1
DA:12,1
DA:13,1
DA:15,1
DA:27,1
DA:28,1
DA:29,1
DA:30,1
DA:31,1
DA:33,2
DA:37,1
DA:38,1
DA:39,1
DA:40,1
DA:56,4
DA:57,4
DA:73,1
DA:93,1
DA:94,0
DA:97,1
DA:98,0
DA:101,1
DA:103,1
DA:105,1
DA:111,1
DA:114,1
DA:115,0
DA:117,1
DA:138,2
DA:139,2
DA:140,2
DA:142,2
DA:145,2
DA:146,2
DA:148,2
DA:149,2
DA:151,2
DA:166,2
DA:168,2
DA:170,0
DA:173,0
DA:177,0
DA:182,2
DA:198,0
DA:200,0
DA:201,0
DA:221,3
DA:222,3
DA:224,3
DA:227,0
DA:232,1
DA:234,1
DA:235,0
DA:237,1
DA:239,1
DA:240,0
DA:242,1
DA:243,1
DA:244,1
DA:246,0
DA:265,1
DA:267,1
DA:269,1
DA:271,1
DA:273,1
DA:288,1
DA:289,1
DA:291,0
DA:292,1
DA:304,0
DA:305,0
DA:307,0
DA:328,1
DA:329,1
DA:331,1
DA:334,1
DA:335,0
DA:337,1
DA:338,1
DA:339,1
DA:355,6
DA:356,0
DA:361,6
DA:362,6
DA:363,4
DA:366,4
DA:373,6
DA:376,6
DA:377,6
DA:382,4
DA:394,0
DA:406,7
DA:407,7
DA:409,7
DA:410,5
DA:413,7
DA:426,3
DA:427,3
DA:429,3
DA:430,3
DA:436,3
DA:437,3
DA:438,3
DA:440,3
DA:441,3
DA:443,0
DA:456,2
DA:458,2
DA:474,2
DA:475,2
DA:486,2
DA:487,2
DA:498,2
DA:499,2
DA:504,0
DA:505,0
DA:509,1
DA:510,1
DA:511,1
DA:512,1
DA:516,1
DA:517,1
DA:518,1
DA:521,1
LF:131
LH:108
BRDA:28,0,0,1
BRDA:28,0,1,1
BRDA:29,1,0,0
BRDA:29,1,1,1
BRDA:37,2,0,1
BRDA:37,2,1,0
BRDA:93,3,0,0
BRDA:93,3,1,1
BRDA:97,4,0,0
BRDA:97,4,1,1
BRDA:114,5,0,0
BRDA:114,5,1,1
BRDA:168,6,0,0
BRDA:168,6,1,2
BRDA:173,7,0,0
BRDA:173,7,1,0
BRDA:177,8,0,0
BRDA:177,8,1,0
BRDA:234,9,0,0
BRDA:234,9,1,1
BRDA:239,10,0,0
BRDA:239,10,1,1
BRDA:288,11,0,1
BRDA:288,11,1,0
BRDA:303,12,0,0
BRDA:334,13,0,0
BRDA:334,13,1,1
BRDA:354,14,0,2
BRDA:355,15,0,0
BRDA:355,15,1,6
BRDA:406,16,0,7
BRDA:406,16,1,0
BRDA:440,17,0,3
BRDA:440,17,1,0
BRDA:440,18,0,3
BRDA:440,18,1,3
BRDA:510,19,0,1
BRDA:510,19,1,0
BRF:38
BRH:19
end_of_record
